> ArgumentParser...
> PerformLogisticRegression...
> PrintResult...
Gradient descent:

3x1, w: 
       66.7437175213
       63.2195485609
      -91.7236785743

Confusion Matrix:
		Predict cluster 1	Predict cluster 2
Is cluster 1 		22			28
Is cluster 2 		1			49

Sensitivity (Successfully predict cluster 1): 0.44
Specificity (Successfully predict cluster 2): 0.98
--------------------------------------------
Newton's method:

3x1, w: 
        0.9056347587
        0.5826391223
       -2.6144326992

Confusion Matrix:
		Predict cluster 1	Predict cluster 2
Is cluster 1 		41			9
Is cluster 2 		10			40

Sensitivity (Successfully predict cluster 1): 0.82
Specificity (Successfully predict cluster 2): 0.8
