> ArgumentParser...
> PerformLogisticRegression...
> PrintResult...
Gradient descent:

3x1, w: 
        1.4933238641
        1.0396542399
      -13.1542209335

Confusion Matrix:
		Predict cluster 1	Predict cluster 2
Is cluster 1 		50			0
Is cluster 2 		0			50

Sensitivity (Successfully predict cluster 1): 1.0
Specificity (Successfully predict cluster 2): 1.0
--------------------------------------------
Newton's method:

3x1, w: 
       29.0793929697
        8.8576990247
     -231.6562523062

Confusion Matrix:
		Predict cluster 1	Predict cluster 2
Is cluster 1 		50			0
Is cluster 2 		0			50

Sensitivity (Successfully predict cluster 1): 1.0
Specificity (Successfully predict cluster 2): 1.0
