train_x.shape = (5000, 784)
train_y.shape = (5000, 1)
test_x.shape = (2500, 784)
test_y.shape = (2500, 1)


<------------ Grid Search & Test for Sell-Defined Kernel: Linear + RBF------------>
svm_type = 0, kernel_type = 4, kfold = 5
Cross Validation Accuracy = 79.54%
Currently best C = 1e-10, best gamma = 0.0012755102040816326, accuracy = 79.54%
Cross Validation Accuracy = 79.36%
Cross Validation Accuracy = 79.56%
Currently best C = 1e-10, best gamma = 1e-09, accuracy = 79.56%
Cross Validation Accuracy = 79.3%
Cross Validation Accuracy = 79.42%
Cross Validation Accuracy = 79.4%
Cross Validation Accuracy = 79.32%
Cross Validation Accuracy = 79.48%
Cross Validation Accuracy = 79.36%
Cross Validation Accuracy = 79.48%
Cross Validation Accuracy = 79.64%
Currently best C = 1e-10, best gamma = 0.1, accuracy = 79.64%
Cross Validation Accuracy = 79.52%
Cross Validation Accuracy = 79.4%
Cross Validation Accuracy = 79.3%
Cross Validation Accuracy = 79.52%
Cross Validation Accuracy = 79.32%
Cross Validation Accuracy = 79.36%
Cross Validation Accuracy = 79.36%
Cross Validation Accuracy = 79.52%
Cross Validation Accuracy = 79.52%
Cross Validation Accuracy = 79.42%
Cross Validation Accuracy = 79.66%
Currently best C = 1e-10, best gamma = 10000000000.0, accuracy = 79.66%
Cross Validation Accuracy = 79.66%
Cross Validation Accuracy = 79.36%
Cross Validation Accuracy = 79.62%
Cross Validation Accuracy = 79.3%
Cross Validation Accuracy = 79.54%
Cross Validation Accuracy = 79.46%
Cross Validation Accuracy = 79.34%
Cross Validation Accuracy = 79.32%
Cross Validation Accuracy = 79.4%
Cross Validation Accuracy = 79.64%
Cross Validation Accuracy = 79.38%
Cross Validation Accuracy = 79.42%
Cross Validation Accuracy = 79.4%
Cross Validation Accuracy = 79.3%
Cross Validation Accuracy = 79.28%
Cross Validation Accuracy = 79.28%
Cross Validation Accuracy = 79.36%
Cross Validation Accuracy = 79.42%
Cross Validation Accuracy = 79.54%
Cross Validation Accuracy = 79.44%
Cross Validation Accuracy = 79.28%
Cross Validation Accuracy = 79.42%
Cross Validation Accuracy = 79.54%
Cross Validation Accuracy = 79.34%
Cross Validation Accuracy = 79.36%
Cross Validation Accuracy = 79.36%
Cross Validation Accuracy = 79.34%
Cross Validation Accuracy = 79.42%
Cross Validation Accuracy = 79.54%
Cross Validation Accuracy = 79.42%
Cross Validation Accuracy = 79.36%
Cross Validation Accuracy = 79.68%
Currently best C = 1e-08, best gamma = 0.01, accuracy = 79.67999999999999%
Cross Validation Accuracy = 79.7%
Currently best C = 1e-08, best gamma = 0.1, accuracy = 79.7%
Cross Validation Accuracy = 79.5%
Cross Validation Accuracy = 79.22%
Cross Validation Accuracy = 79.34%
Cross Validation Accuracy = 79.42%
Cross Validation Accuracy = 79.52%
Cross Validation Accuracy = 79.36%
Cross Validation Accuracy = 79.52%
Cross Validation Accuracy = 79.36%
Cross Validation Accuracy = 79.3%
Cross Validation Accuracy = 79.36%
Cross Validation Accuracy = 79.42%
Cross Validation Accuracy = 79.4%
Cross Validation Accuracy = 79.5%
Cross Validation Accuracy = 79.26%
Cross Validation Accuracy = 79.46%
Cross Validation Accuracy = 79.2%
Cross Validation Accuracy = 79.4%
Cross Validation Accuracy = 79.44%
Cross Validation Accuracy = 79.48%
Cross Validation Accuracy = 79.52%
Cross Validation Accuracy = 79.62%
Cross Validation Accuracy = 79.36%
Cross Validation Accuracy = 79.38%
Cross Validation Accuracy = 79.38%
Cross Validation Accuracy = 79.2%
Cross Validation Accuracy = 79.48%
Cross Validation Accuracy = 79.5%
Cross Validation Accuracy = 79.28%
Cross Validation Accuracy = 79.52%
Cross Validation Accuracy = 79.28%
Cross Validation Accuracy = 79.34%
Cross Validation Accuracy = 79.5%
Cross Validation Accuracy = 79.54%
Cross Validation Accuracy = 79.36%
Cross Validation Accuracy = 79.44%
Cross Validation Accuracy = 79.52%
Cross Validation Accuracy = 79.5%
Cross Validation Accuracy = 79.32%
Cross Validation Accuracy = 79.46%
Cross Validation Accuracy = 79.22%
Cross Validation Accuracy = 79.46%
Cross Validation Accuracy = 79.3%
Cross Validation Accuracy = 79.44%
Cross Validation Accuracy = 79.36%
Cross Validation Accuracy = 79.52%
Cross Validation Accuracy = 79.42%
Cross Validation Accuracy = 79.32%
Cross Validation Accuracy = 79.5%
Cross Validation Accuracy = 79.38%
Cross Validation Accuracy = 79.5%
Cross Validation Accuracy = 79.48%
Cross Validation Accuracy = 79.36%
Cross Validation Accuracy = 79.5%
Cross Validation Accuracy = 79.32%
Cross Validation Accuracy = 79.42%
Cross Validation Accuracy = 79.38%
Cross Validation Accuracy = 79.26%
Cross Validation Accuracy = 79.34%
Cross Validation Accuracy = 79.44%
Cross Validation Accuracy = 79.4%
Cross Validation Accuracy = 79.22%
Cross Validation Accuracy = 79.44%
Cross Validation Accuracy = 79.44%
Cross Validation Accuracy = 79.42%
Cross Validation Accuracy = 79.42%
Cross Validation Accuracy = 79.38%
Cross Validation Accuracy = 79.34%
Cross Validation Accuracy = 79.38%
Cross Validation Accuracy = 79.4%
Cross Validation Accuracy = 79.46%
Cross Validation Accuracy = 79.52%
Cross Validation Accuracy = 79.48%
Cross Validation Accuracy = 79.48%
Cross Validation Accuracy = 79.36%
Cross Validation Accuracy = 79.46%
Cross Validation Accuracy = 79.32%
Cross Validation Accuracy = 79.64%
Cross Validation Accuracy = 89.64%
Currently best C = 0.0001, best gamma = 0.0012755102040816326, accuracy = 89.64%
Cross Validation Accuracy = 89.34%
Cross Validation Accuracy = 89.52%
Cross Validation Accuracy = 89.46%
Cross Validation Accuracy = 89.38%
Cross Validation Accuracy = 89.42%
Cross Validation Accuracy = 89.48%
Cross Validation Accuracy = 89.3%
Cross Validation Accuracy = 89.36%
Cross Validation Accuracy = 89.6%
Cross Validation Accuracy = 89.44%
Cross Validation Accuracy = 89.42%
Cross Validation Accuracy = 89.4%
Cross Validation Accuracy = 89.48%
Cross Validation Accuracy = 89.44%
Cross Validation Accuracy = 89.36%
Cross Validation Accuracy = 89.38%
Cross Validation Accuracy = 89.38%
Cross Validation Accuracy = 89.48%
Cross Validation Accuracy = 89.32%
Cross Validation Accuracy = 89.46%
Cross Validation Accuracy = 89.36%
Cross Validation Accuracy = 95.58%
Currently best C = 0.001, best gamma = 0.0012755102040816326, accuracy = 95.58%
Cross Validation Accuracy = 95.4%
Cross Validation Accuracy = 95.5%
Cross Validation Accuracy = 95.54%
Cross Validation Accuracy = 95.46%
Cross Validation Accuracy = 95.5%
Cross Validation Accuracy = 95.46%
Cross Validation Accuracy = 95.48%
Cross Validation Accuracy = 95.4%
Cross Validation Accuracy = 95.46%
Cross Validation Accuracy = 95.6%
Currently best C = 0.001, best gamma = 0.1, accuracy = 95.6%
Cross Validation Accuracy = 95.44%
Cross Validation Accuracy = 95.48%
Cross Validation Accuracy = 95.46%
Cross Validation Accuracy = 95.38%
Cross Validation Accuracy = 95.42%
Cross Validation Accuracy = 95.42%
Cross Validation Accuracy = 95.4%
Cross Validation Accuracy = 95.58%
Cross Validation Accuracy = 95.42%
Cross Validation Accuracy = 95.62%
Currently best C = 0.001, best gamma = 1000000000.0, accuracy = 95.62%
Cross Validation Accuracy = 95.56%
Cross Validation Accuracy = 97.06%
Currently best C = 0.01, best gamma = 0.0012755102040816326, accuracy = 97.06%
Cross Validation Accuracy = 97.02%
Cross Validation Accuracy = 97%
Cross Validation Accuracy = 96.92%
Cross Validation Accuracy = 96.94%
Cross Validation Accuracy = 96.82%
Cross Validation Accuracy = 97%
Cross Validation Accuracy = 96.8%
Cross Validation Accuracy = 96.74%
Cross Validation Accuracy = 96.9%
Cross Validation Accuracy = 97.06%
Cross Validation Accuracy = 96.86%
Cross Validation Accuracy = 96.94%
Cross Validation Accuracy = 96.82%
Cross Validation Accuracy = 97%
Cross Validation Accuracy = 96.96%
Cross Validation Accuracy = 97%
Cross Validation Accuracy = 97.1%
Currently best C = 0.01, best gamma = 1000000.0, accuracy = 97.1%
Cross Validation Accuracy = 97%
Cross Validation Accuracy = 97%
Cross Validation Accuracy = 97.16%
Currently best C = 0.01, best gamma = 1000000000.0, accuracy = 97.16%
Cross Validation Accuracy = 96.98%
Cross Validation Accuracy = 97.06%
Cross Validation Accuracy = 96.62%
Cross Validation Accuracy = 96.82%
Cross Validation Accuracy = 96.9%
Cross Validation Accuracy = 96.9%
Cross Validation Accuracy = 96.78%
Cross Validation Accuracy = 97.06%
Cross Validation Accuracy = 96.8%
Cross Validation Accuracy = 96.8%
Cross Validation Accuracy = 97%
Cross Validation Accuracy = 96.9%
Cross Validation Accuracy = 96.8%
Cross Validation Accuracy = 96.92%
Cross Validation Accuracy = 96.6%
Cross Validation Accuracy = 96.86%
Cross Validation Accuracy = 96.76%
Cross Validation Accuracy = 97.04%
Cross Validation Accuracy = 96.62%
Cross Validation Accuracy = 96.82%
Cross Validation Accuracy = 96.9%
Cross Validation Accuracy = 96.8%
Cross Validation Accuracy = 96.9%
Cross Validation Accuracy = 96.44%
Cross Validation Accuracy = 96.14%
Cross Validation Accuracy = 96.1%
Cross Validation Accuracy = 96.24%
Cross Validation Accuracy = 96.3%
Cross Validation Accuracy = 96.06%
Cross Validation Accuracy = 96.2%
Cross Validation Accuracy = 96.38%
Cross Validation Accuracy = 96.12%
Cross Validation Accuracy = 96.3%
Cross Validation Accuracy = 96.32%
Cross Validation Accuracy = 96.48%
Cross Validation Accuracy = 96.18%
Cross Validation Accuracy = 96.76%
Cross Validation Accuracy = 96.5%
Cross Validation Accuracy = 96.38%
Cross Validation Accuracy = 96.64%
Cross Validation Accuracy = 96.52%
Cross Validation Accuracy = 96.4%
Cross Validation Accuracy = 96.26%
Cross Validation Accuracy = 96.58%
Cross Validation Accuracy = 96.42%
Cross Validation Accuracy = 96.26%
Cross Validation Accuracy = 96.26%
Cross Validation Accuracy = 96.12%
Cross Validation Accuracy = 96.1%
Cross Validation Accuracy = 96.26%
Cross Validation Accuracy = 96.36%
Cross Validation Accuracy = 96.32%
Cross Validation Accuracy = 96.38%
Cross Validation Accuracy = 96.26%
Cross Validation Accuracy = 96.48%
Cross Validation Accuracy = 96.46%
Cross Validation Accuracy = 96.5%
Cross Validation Accuracy = 96.32%
Cross Validation Accuracy = 96.18%
Cross Validation Accuracy = 96.26%
Cross Validation Accuracy = 96.54%
Cross Validation Accuracy = 96.34%
Cross Validation Accuracy = 96.24%
Cross Validation Accuracy = 96.56%
Cross Validation Accuracy = 96.38%
Cross Validation Accuracy = 96.3%
Cross Validation Accuracy = 96.56%
Cross Validation Accuracy = 96.02%
Cross Validation Accuracy = 96.6%
Cross Validation Accuracy = 96.22%
Cross Validation Accuracy = 96.12%
Cross Validation Accuracy = 96.48%
Cross Validation Accuracy = 96.32%
Cross Validation Accuracy = 96.18%
Cross Validation Accuracy = 96.18%
Cross Validation Accuracy = 96.5%
Cross Validation Accuracy = 96.3%
Cross Validation Accuracy = 96.56%
Cross Validation Accuracy = 96.5%
Cross Validation Accuracy = 96.28%
Cross Validation Accuracy = 96.34%
Cross Validation Accuracy = 96.52%
Cross Validation Accuracy = 96.56%
Cross Validation Accuracy = 96.44%
Cross Validation Accuracy = 96.42%
Cross Validation Accuracy = 96.58%
Cross Validation Accuracy = 96.62%
Cross Validation Accuracy = 96.34%
Cross Validation Accuracy = 96.66%
Cross Validation Accuracy = 96.4%
Cross Validation Accuracy = 96.52%
Cross Validation Accuracy = 96.16%
Cross Validation Accuracy = 96.12%
Cross Validation Accuracy = 96.18%
Cross Validation Accuracy = 96.04%
Cross Validation Accuracy = 96.4%
Cross Validation Accuracy = 96.3%
Cross Validation Accuracy = 96.14%
Cross Validation Accuracy = 96.24%
Cross Validation Accuracy = 96.52%
Cross Validation Accuracy = 96.28%
Cross Validation Accuracy = 96.68%
Cross Validation Accuracy = 96.42%
Cross Validation Accuracy = 96.3%
Cross Validation Accuracy = 96.58%
Cross Validation Accuracy = 96.36%
Cross Validation Accuracy = 96.4%
Cross Validation Accuracy = 96.44%
Cross Validation Accuracy = 96.34%
Cross Validation Accuracy = 96.54%
Cross Validation Accuracy = 96.24%
Cross Validation Accuracy = 95.98%
Cross Validation Accuracy = 96.6%
Cross Validation Accuracy = 96.16%
Cross Validation Accuracy = 96.36%
Cross Validation Accuracy = 96.44%
Cross Validation Accuracy = 96.28%
Cross Validation Accuracy = 96.12%
Cross Validation Accuracy = 96.48%
Cross Validation Accuracy = 96.48%
Cross Validation Accuracy = 96.74%
Cross Validation Accuracy = 96.42%
Cross Validation Accuracy = 96.12%
Cross Validation Accuracy = 96.5%
Cross Validation Accuracy = 96.58%
Cross Validation Accuracy = 96.46%
Cross Validation Accuracy = 96.42%
Cross Validation Accuracy = 96.46%
Cross Validation Accuracy = 96.4%
Cross Validation Accuracy = 96.5%
Cross Validation Accuracy = 96.44%
Cross Validation Accuracy = 96.42%
Cross Validation Accuracy = 96.48%
Cross Validation Accuracy = 96.14%
Cross Validation Accuracy = 96.16%
Cross Validation Accuracy = 96.32%
Cross Validation Accuracy = 95.72%
Cross Validation Accuracy = 96.4%
Cross Validation Accuracy = 96.36%
Cross Validation Accuracy = 96.1%
Cross Validation Accuracy = 96.14%
Cross Validation Accuracy = 96.24%
Cross Validation Accuracy = 96.1%
Cross Validation Accuracy = 96.52%
Cross Validation Accuracy = 96.36%
Cross Validation Accuracy = 96.44%
Cross Validation Accuracy = 96.36%
Cross Validation Accuracy = 96.68%
Cross Validation Accuracy = 96.42%
Cross Validation Accuracy = 96.44%
Cross Validation Accuracy = 96.54%
Cross Validation Accuracy = 96.34%
Cross Validation Accuracy = 96.58%
Cross Validation Accuracy = 96.12%
Cross Validation Accuracy = 96.82%
Cross Validation Accuracy = 95.94%
Cross Validation Accuracy = 96.42%
Cross Validation Accuracy = 96.1%
Cross Validation Accuracy = 96.06%
Cross Validation Accuracy = 96.24%
Cross Validation Accuracy = 96.42%
Cross Validation Accuracy = 96.5%
Cross Validation Accuracy = 96.38%
Cross Validation Accuracy = 96.1%
Cross Validation Accuracy = 96.54%
Cross Validation Accuracy = 96.5%
Cross Validation Accuracy = 96.32%
Cross Validation Accuracy = 96.34%
Cross Validation Accuracy = 96.5%
Cross Validation Accuracy = 96.4%
Cross Validation Accuracy = 96.4%
Cross Validation Accuracy = 96.2%
Cross Validation Accuracy = 96.46%
Cross Validation Accuracy = 96.56%
Cross Validation Accuracy = 96.38%
Cross Validation Accuracy = 96.48%
Cross Validation Accuracy = 96.44%
Cross Validation Accuracy = 96.2%
Cross Validation Accuracy = 96.28%
Cross Validation Accuracy = 96.42%
Cross Validation Accuracy = 96.18%
Cross Validation Accuracy = 96.44%
Cross Validation Accuracy = 96.16%
Cross Validation Accuracy = 96.32%
Cross Validation Accuracy = 96.4%
Cross Validation Accuracy = 96.3%
Cross Validation Accuracy = 96.48%
Cross Validation Accuracy = 96.58%
Cross Validation Accuracy = 96.38%
Cross Validation Accuracy = 96.48%
Cross Validation Accuracy = 96.46%
Cross Validation Accuracy = 96.22%
Cross Validation Accuracy = 96.26%
Cross Validation Accuracy = 96.58%
Cross Validation Accuracy = 96.6%
Cross Validation Accuracy = 96.64%
Cross Validation Accuracy = 96.44%
Cross Validation Accuracy = 96.46%
Cross Validation Accuracy = 96.46%
Cross Validation Accuracy = 96.42%
Cross Validation Accuracy = 96.4%
Cross Validation Accuracy = 96.42%
Cross Validation Accuracy = 96.26%
Cross Validation Accuracy = 96.22%
Cross Validation Accuracy = 96.12%
Cross Validation Accuracy = 96.46%
Cross Validation Accuracy = 96.36%
Cross Validation Accuracy = 96.16%
Cross Validation Accuracy = 96.48%
Cross Validation Accuracy = 96.4%
Cross Validation Accuracy = 96.42%
Cross Validation Accuracy = 96.48%
Cross Validation Accuracy = 96.5%
Cross Validation Accuracy = 96.44%
Cross Validation Accuracy = 96.36%
Cross Validation Accuracy = 96.62%
Cross Validation Accuracy = 96.28%
Cross Validation Accuracy = 96.44%
Cross Validation Accuracy = 96.4%
Cross Validation Accuracy = 96.52%
Cross Validation Accuracy = 96.2%
Cross Validation Accuracy = 96.08%
Cross Validation Accuracy = 96.24%
Cross Validation Accuracy = 96.28%
Cross Validation Accuracy = 96.28%
Cross Validation Accuracy = 96.12%
Cross Validation Accuracy = 96.16%
Cross Validation Accuracy = 95.86%
Cross Validation Accuracy = 96.32%
Cross Validation Accuracy = 96.38%
Cross Validation Accuracy = 96.16%
Cross Validation Accuracy = 96.56%
Cross Validation Accuracy = 96.2%
Cross Validation Accuracy = 96.66%
Cross Validation Accuracy = 96.24%
Cross Validation Accuracy = 96.12%
Cross Validation Accuracy = 96.42%
Cross Validation Accuracy = 96.58%
Cross Validation Accuracy = 96.5%
Cross Validation Accuracy = 96.5%
Cross Validation Accuracy = 96.42%
Cross Validation Accuracy = 96.36%
Cross Validation Accuracy = 96.62%
Cross Validation Accuracy = 96.58%
Cross Validation Accuracy = 96.38%
Cross Validation Accuracy = 96.2%
Cross Validation Accuracy = 96.36%
Cross Validation Accuracy = 96.34%
Cross Validation Accuracy = 95.9%
Cross Validation Accuracy = 96.36%
Cross Validation Accuracy = 96.4%
Cross Validation Accuracy = 96%
Cross Validation Accuracy = 96.36%
Cross Validation Accuracy = 96.22%
Cross Validation Accuracy = 96.76%
Cross Validation Accuracy = 96.56%
Cross Validation Accuracy = 96.42%
Cross Validation Accuracy = 96.36%
Cross Validation Accuracy = 96.5%
Cross Validation Accuracy = 96.1%
Cross Validation Accuracy = 96.42%
Cross Validation Accuracy = 96.28%
Cross Validation Accuracy = 96.56%
Cross Validation Accuracy = 96.48%
Cross Validation Accuracy = 96.54%
> --------------------------------------------------------------
> Done for grid search: 
Best hyper parameter C = 0.01, gamma = 1000000000.0, with highest accuracy = 97.16%
> --------------------------------------------------------------
> Testing with test datasets: 
Accuracy = 95.96% (2399/2500) (classification)
