<------------ Grid Search & Test for Kernel: Polynomial------------>
svm_type = 0, kernel_type = 1, kfold = 5
Cross Validation Accuracy = 20%
Currently best C = 0.0001220703125, best gamma = 0.00390625, best coef0 = 256, best degree = 0, accuracy = 20.0%
Cross Validation Accuracy = 79.36%
Currently best C = 0.0001220703125, best gamma = 0.00390625, best coef0 = 256, best degree = 1, accuracy = 79.36%
Cross Validation Accuracy = 96.92%
Currently best C = 0.0001220703125, best gamma = 0.00390625, best coef0 = 256, best degree = 3, accuracy = 96.92%
Cross Validation Accuracy = 96.32%
Cross Validation Accuracy = 20%
Cross Validation Accuracy = 79.4%
Cross Validation Accuracy = 78.1%
Cross Validation Accuracy = 96.02%
Cross Validation Accuracy = 20%
Cross Validation Accuracy = 79.34%
Cross Validation Accuracy = 28.24%
Cross Validation Accuracy = 22.22%
Cross Validation Accuracy = 20%
Cross Validation Accuracy = 79.3%
Cross Validation Accuracy = 97.14%
Currently best C = 0.0001220703125, best gamma = 0.0012755102040816326, best coef0 = 256, best degree = 3, accuracy = 97.14%
Cross Validation Accuracy = 96.3%
Cross Validation Accuracy = 20%
Cross Validation Accuracy = 79.36%
Cross Validation Accuracy = 78.84%
Cross Validation Accuracy = 94.64%
Cross Validation Accuracy = 20%
Cross Validation Accuracy = 79.66%
Cross Validation Accuracy = 28.2%
Cross Validation Accuracy = 22.1%
Cross Validation Accuracy = 20%
Cross Validation Accuracy = 79.3%
Cross Validation Accuracy = 96.88%
Cross Validation Accuracy = 97.18%
Currently best C = 0.0001220703125, best gamma = 0.1, best coef0 = 256, best degree = 5, accuracy = 97.18%
Cross Validation Accuracy = 20%
Cross Validation Accuracy = 79.32%
Cross Validation Accuracy = 96.94%
Cross Validation Accuracy = 97.86%
Currently best C = 0.0001220703125, best gamma = 0.1, best coef0 = 5, best degree = 5, accuracy = 97.86%
Cross Validation Accuracy = 20%
Cross Validation Accuracy = 79.42%
Cross Validation Accuracy = 91.02%
Cross Validation Accuracy = 93.64%
Cross Validation Accuracy = 20%
Cross Validation Accuracy = 90.54%
Cross Validation Accuracy = 97.64%
Cross Validation Accuracy = 97.9%
Currently best C = 0.0001220703125, best gamma = 1, best coef0 = 256, best degree = 5, accuracy = 97.89999999999999%
Cross Validation Accuracy = 20%
Cross Validation Accuracy = 90.62%
Cross Validation Accuracy = 97.8%
Cross Validation Accuracy = 96.36%
Cross Validation Accuracy = 20%
Cross Validation Accuracy = 90.68%
Cross Validation Accuracy = 97.84%
Cross Validation Accuracy = 95.02%
Cross Validation Accuracy = 20%
Cross Validation Accuracy = 95.64%
Cross Validation Accuracy = 97.9%
Cross Validation Accuracy = 97.56%
Cross Validation Accuracy = 20%
Cross Validation Accuracy = 95.76%
Cross Validation Accuracy = 97.62%
Cross Validation Accuracy = 95.02%
Cross Validation Accuracy = 20%
Cross Validation Accuracy = 95.74%
Cross Validation Accuracy = 97.68%
Cross Validation Accuracy = 94.9%
Cross Validation Accuracy = 20%
Cross Validation Accuracy = 85.96%
Cross Validation Accuracy = 96.04%
Cross Validation Accuracy = 96.22%
Cross Validation Accuracy = 20%
Cross Validation Accuracy = 86.06%
Cross Validation Accuracy = 96.74%
Cross Validation Accuracy = 97.22%
Cross Validation Accuracy = 20%
Cross Validation Accuracy = 86.02%
Cross Validation Accuracy = 28.3%
Cross Validation Accuracy = 22.14%
Cross Validation Accuracy = 20%
Cross Validation Accuracy = 79.48%
Cross Validation Accuracy = 96.18%
Cross Validation Accuracy = 96.16%
Cross Validation Accuracy = 20%
Cross Validation Accuracy = 79.38%
Cross Validation Accuracy = 95.84%
Cross Validation Accuracy = 97.22%
Cross Validation Accuracy = 20%
Cross Validation Accuracy = 79.5%
Cross Validation Accuracy = 28.16%
Cross Validation Accuracy = 22.02%
Cross Validation Accuracy = 20%
Cross Validation Accuracy = 95.86%
Cross Validation Accuracy = 96.92%
Cross Validation Accuracy = 96.92%
Cross Validation Accuracy = 20%
Cross Validation Accuracy = 95.86%
Cross Validation Accuracy = 98.02%
Currently best C = 0.015625, best gamma = 0.1, best coef0 = 5, best degree = 3, accuracy = 98.02%
Cross Validation Accuracy = 97.8%
Cross Validation Accuracy = 20%
Cross Validation Accuracy = 95.88%
Cross Validation Accuracy = 97.88%
Cross Validation Accuracy = 95%
Cross Validation Accuracy = 20%
Cross Validation Accuracy = 95.5%
Cross Validation Accuracy = 96.58%
Cross Validation Accuracy = 97%
Cross Validation Accuracy = 20%
Cross Validation Accuracy = 95.48%
Cross Validation Accuracy = 97.92%
Cross Validation Accuracy = 98.04%
Currently best C = 0.01, best gamma = 0.1, best coef0 = 5, best degree = 5, accuracy = 98.04%
Cross Validation Accuracy = 97.04%
Cross Validation Accuracy = 97.52%
Cross Validation Accuracy = 94.96%
Cross Validation Accuracy = 20%
Cross Validation Accuracy = 96.96%
Cross Validation Accuracy = 98.08%
Currently best C = 0.01, best gamma = 10, best coef0 = 256, best degree = 3, accuracy = 98.08%
Cross Validation Accuracy = 97.76%
Cross Validation Accuracy = 20%
Cross Validation Accuracy = 97.04%
Cross Validation Accuracy = 97.68%
Cross Validation Accuracy = 94.92%
Cross Validation Accuracy = 20%
Cross Validation Accuracy = 97.02%
Cross Validation Accuracy = 97.56%
Cross Validation Accuracy = 94.74%
Cross Validation Accuracy = 94.8%
Cross Validation Accuracy = 20%
Cross Validation Accuracy = 96.12%
Cross Validation Accuracy = 98.14%
Currently best C = 1, best gamma = 10, best coef0 = 256, best degree = 3, accuracy = 98.14%
Cross Validation Accuracy = 97.76%
Cross Validation Accuracy = 20%
Cross Validation Accuracy = 96.3%
Cross Validation Accuracy = 97.6%
Cross Validation Accuracy = 94.98%
Cross Validation Accuracy = 20%
Cross Validation Accuracy = 96.06%
Cross Validation Accuracy = 96.16%
Cross Validation Accuracy = 98.16%
Currently best C = 10000, best gamma = 10, best coef0 = 256, best degree = 3, accuracy = 98.16%
Cross Validation Accuracy = 97.88%
Cross Validation Accuracy = 20%
Cross Validation Accuracy = 96.36%
Cross Validation Accuracy = 97.66%
Cross Validation Accuracy = 95.26%
Cross Validation Accuracy = 20%
Cross Validation Accuracy = 96.48%
Cross Validation Accuracy = 97.82%
Cross Validation Accuracy = 94.88%
> --------------------------------------------------------------
> Done for grid search: 
Best hyper parameter C = 10000, gamma = 10, coef0 = 256, degree = 3, with highest accuracy = 98.16%
> --------------------------------------------------------------
> Testing with test datasets: 
Accuracy = 97.92% (2448/2500) (classification)
<------------------------ END ------------------------------>
