[1;33;48ma = 0, b = 0[1;37;0m
[4;37;48mcase 1: 0101010101001011010101[1;37;0m
Likelihood : 0.16818809509277344
Beta prior     :    a = 0 b = 0
Beta posterior :    a = 11 b = 11
[4;37;48mcase 2: 0110101[1;37;0m
Likelihood : 0.29375515303997485
Beta prior     :    a = 11 b = 11
Beta posterior :    a = 15 b = 14
[4;37;48mcase 3: 010110101101[1;37;0m
Likelihood : 0.2286054241794335
Beta prior     :    a = 15 b = 14
Beta posterior :    a = 22 b = 19
[4;37;48mcase 4: 0101101011101011010[1;37;0m
Likelihood : 0.18286870706509092
Beta prior     :    a = 22 b = 19
Beta posterior :    a = 33 b = 27
[4;37;48mcase 5: 111101100011110[1;37;0m
Likelihood : 0.2143070548857833
Beta prior     :    a = 33 b = 27
Beta posterior :    a = 43 b = 32
[4;37;48mcase 6: 101110111000110[1;37;0m
Likelihood : 0.20659760529408
Beta prior     :    a = 43 b = 32
Beta posterior :    a = 52 b = 38
[4;37;48mcase 7: 1010010111[1;37;0m
Likelihood : 0.25082265600000003
Beta prior     :    a = 52 b = 38
Beta posterior :    a = 58 b = 42
[4;37;48mcase 8: 11101110110[1;37;0m
Likelihood : 0.2619678932864457
Beta prior     :    a = 58 b = 42
Beta posterior :    a = 66 b = 45
[4;37;48mcase 9: 01000111101[1;37;0m
Likelihood : 0.23609128871506807
Beta prior     :    a = 66 b = 45
Beta posterior :    a = 72 b = 50
[4;37;48mcase 10: 110100111[1;37;0m
Likelihood : 0.27312909617436365
Beta prior     :    a = 72 b = 50
Beta posterior :    a = 78 b = 53
[4;37;48mcase 11: 01101010111[1;37;0m
Likelihood : 0.24384881449471862
Beta prior     :    a = 78 b = 53
Beta posterior :    a = 85 b = 57
