[1;33;48ma = 10, b = 1[1;37;0m
[4;37;48mcase 1: 0101010101001011010101[1;37;0m
Likelihood : 0.16818809509277344
Beta prior     :    a = 10 b = 1
Beta posterior :    a = 21 b = 12
[4;37;48mcase 2: 0110101[1;37;0m
Likelihood : 0.29375515303997485
Beta prior     :    a = 21 b = 12
Beta posterior :    a = 25 b = 15
[4;37;48mcase 3: 010110101101[1;37;0m
Likelihood : 0.2286054241794335
Beta prior     :    a = 25 b = 15
Beta posterior :    a = 32 b = 20
[4;37;48mcase 4: 0101101011101011010[1;37;0m
Likelihood : 0.18286870706509092
Beta prior     :    a = 32 b = 20
Beta posterior :    a = 43 b = 28
[4;37;48mcase 5: 111101100011110[1;37;0m
Likelihood : 0.2143070548857833
Beta prior     :    a = 43 b = 28
Beta posterior :    a = 53 b = 33
[4;37;48mcase 6: 101110111000110[1;37;0m
Likelihood : 0.20659760529408
Beta prior     :    a = 53 b = 33
Beta posterior :    a = 62 b = 39
[4;37;48mcase 7: 1010010111[1;37;0m
Likelihood : 0.25082265600000003
Beta prior     :    a = 62 b = 39
Beta posterior :    a = 68 b = 43
[4;37;48mcase 8: 11101110110[1;37;0m
Likelihood : 0.2619678932864457
Beta prior     :    a = 68 b = 43
Beta posterior :    a = 76 b = 46
[4;37;48mcase 9: 01000111101[1;37;0m
Likelihood : 0.23609128871506807
Beta prior     :    a = 76 b = 46
Beta posterior :    a = 82 b = 51
[4;37;48mcase 10: 110100111[1;37;0m
Likelihood : 0.27312909617436365
Beta prior     :    a = 82 b = 51
Beta posterior :    a = 88 b = 54
[4;37;48mcase 11: 01101010111[1;37;0m
Likelihood : 0.24384881449471862
Beta prior     :    a = 88 b = 54
Beta posterior :    a = 95 b = 58
